{
    "FunctionName": "hello-cli",
    "FunctionArn": "arn:aws:lambda:us-east-1:445083237337:function:hello-cli",
    "Runtime": "nodejs12.x",
    "Role": "arn:aws:iam::445083237337:role/lambda-exemplo",
    "Handler": "index.handler",
    "CodeSize": 329,
    "Description": "",
    "Timeout": 3,
    "MemorySize": 128,
    "LastModified": "2020-04-11T19:56:44.964+0000",
    "CodeSha256": "xUYYDve032qovEQd5F27Pun1xVM6HfpjJRtp8eGA76I=",
    "Version": "$LATEST",
    "TracingConfig": {
        "Mode": "PassThrough"
    },
    "RevisionId": "d64872da-4906-4659-9812-d64ebe7217ee",
    "State": "Active",
    "LastUpdateStatus": "Successful"
}
